Base path: /Applications/Unity/Unity.app/Contents
Pipe name: \\.\pipe\UnityShaderCompiler-2--1335607296
Cmd: getPlatforms
Cmd: compileSnippet
  api=9 type=0 insize=898 outsize=744 kw= ok=1
Cmd: compileSnippet
  api=9 type=1 insize=898 outsize=7 kw= ok=1
Cmd: compileSnippet
  api=9 type=0 insize=1770 outsize=1689 kw= ok=1
Cmd: compileSnippet
  api=9 type=1 insize=1770 outsize=7 kw= ok=1
Cmd: compileSnippet
  api=9 type=0 insize=1381 outsize=1492 kw= ok=1
Cmd: compileSnippet
  api=9 type=1 insize=1381 outsize=7 kw= ok=1
Cmd: compileSnippet
  api=9 type=0 insize=2154 outsize=2188 kw= ok=1
Cmd: compileSnippet
  api=9 type=1 insize=2154 outsize=7 kw= ok=1
Cmd: compileSnippet
  api=9 type=0 insize=1788 outsize=1665 kw= ok=1
Cmd: compileSnippet
  api=9 type=1 insize=1788 outsize=7 kw= ok=1
Cmd: compileSnippet
  api=9 type=0 insize=2219 outsize=2348 kw= ok=1
Cmd: compileSnippet
  api=9 type=1 insize=2219 outsize=7 kw= ok=1
Cmd: compileSnippet
  api=9 type=0 insize=1852 outsize=1809 kw= ok=1
Cmd: compileSnippet
  api=9 type=1 insize=1852 outsize=7 kw= ok=1
Cmd: compileSnippet
  api=9 type=0 insize=924 outsize=726 kw= ok=1
Cmd: compileSnippet
  api=14 type=0 insize=924 outsize=787 kw= ok=1
Cmd: compileSnippet
  api=9 type=1 insize=924 outsize=7 kw= ok=1
Cmd: compileSnippet
  api=14 type=1 insize=924 outsize=737 kw= ok=1
Cmd: compileSnippet
  api=9 type=0 insize=2137 outsize=2212 kw= ok=1
Cmd: compileSnippet
  api=9 type=1 insize=2137 outsize=7 kw= ok=1
Cmd: compileSnippet
  api=9 type=0 insize=1329 outsize=1292 kw= ok=1
Cmd: compileSnippet
  api=14 type=0 insize=1329 outsize=933 kw= ok=1
Cmd: compileSnippet
  api=9 type=1 insize=1329 outsize=7 kw= ok=1
Cmd: compileSnippet
  api=14 type=1 insize=1329 outsize=1168 kw= ok=1
Cmd: compileSnippet
  api=9 type=0 insize=1252 outsize=1129 kw= ok=1
Cmd: compileSnippet
  api=9 type=1 insize=1252 outsize=7 kw= ok=1
Cmd: compileSnippet
  api=14 type=1 insize=1252 outsize=1010 kw= ok=1
Cmd: compileSnippet
  api=9 type=0 insize=1237 outsize=1153 kw= ok=1
Cmd: compileSnippet
  api=9 type=1 insize=1237 outsize=7 kw= ok=1
Cmd: compileSnippet
  api=14 type=1 insize=1237 outsize=1020 kw= ok=1
Cmd: compileSnippet
  api=9 type=0 insize=2284 outsize=2554 kw= ok=1
Cmd: compileSnippet
  api=14 type=0 insize=2284 outsize=1707 kw= ok=1
Cmd: compileSnippet
  api=9 type=1 insize=2284 outsize=7 kw= ok=1
Cmd: compileSnippet
  api=9 type=0 insize=882 outsize=652 kw= ok=1
Cmd: compileSnippet
  api=9 type=1 insize=882 outsize=7 kw= ok=1
Cmd: compileSnippet
  api=9 type=0 insize=1051 outsize=1089 kw= ok=1
Cmd: compileSnippet
  api=14 type=0 insize=1051 outsize=787 kw= ok=1
Cmd: compileSnippet
  api=9 type=1 insize=1051 outsize=7 kw= ok=1
Cmd: compileSnippet
  api=14 type=1 insize=1051 outsize=1114 kw= ok=1
Cmd: compileSnippet
  api=9 type=0 insize=1917 outsize=2028 kw= ok=1
Cmd: compileSnippet
  api=9 type=1 insize=1917 outsize=7 kw= ok=1
End of pipe

Quitting shader compiler process
